<?xml version="1.0" encoding="UTF-8"?>
<!-- Generated by org.testng.reporters.JUnitXMLReporter -->
<testsuite hostname="Keshav-PC" ignored="0" name="Verification Test" tests="2" failures="2" timestamp="09 Jan 2019 14:38:03 GMT" time="0.016" errors="0">
  <testcase name="doUpdates" time="0.014" classname="Testcase.UpdateProfile">
    <failure type="java.lang.NullPointerException">
      <![CDATA[java.lang.NullPointerException
at Pages.NaukriHome.update(NaukriHome.java:23)
at Testcase.UpdateProfile.doUpdates(UpdateProfile.java:16)
... Removed 28 stack frames]]>
    </failure>
  </testcase> <!-- doUpdates -->
  <testcase name="teardown" time="0.0" classname="Testcase.UpdateProfile">
    <failure type="java.lang.NullPointerException">
      <![CDATA[java.lang.NullPointerException
at Testcase.UpdateProfile.teardown(UpdateProfile.java:25)
... Removed 28 stack frames]]>
    </failure>
  </testcase> <!-- teardown -->
</testsuite> <!-- Verification Test -->
